mode: set
github.com/syntheticscale/maintainability-sensors/main.go:5.13,7.2 1 0
github.com/syntheticscale/maintainability-sensors/sensors/biome_parser.go:6.40,6.58 1 1
github.com/syntheticscale/maintainability-sensors/sensors/biome_parser.go:8.47,10.2 1 1
github.com/syntheticscale/maintainability-sensors/sensors/biome_parser.go:12.49,18.2 1 0
github.com/syntheticscale/maintainability-sensors/sensors/bootstrap.go:126.43,128.16 2 0
github.com/syntheticscale/maintainability-sensors/sensors/bootstrap.go:128.16,130.3 1 0
github.com/syntheticscale/maintainability-sensors/sensors/bootstrap.go:132.2,133.16 2 0
github.com/syntheticscale/maintainability-sensors/sensors/bootstrap.go:133.16,135.3 1 0
github.com/syntheticscale/maintainability-sensors/sensors/bootstrap.go:136.2,136.19 1 0
github.com/syntheticscale/maintainability-sensors/sensors/bootstrap.go:136.19,138.3 1 0
github.com/syntheticscale/maintainability-sensors/sensors/bootstrap.go:141.2,142.21 2 0
github.com/syntheticscale/maintainability-sensors/sensors/bootstrap.go:142.21,144.3 1 0
github.com/syntheticscale/maintainability-sensors/sensors/bootstrap.go:146.2,146.29 1 0
github.com/syntheticscale/maintainability-sensors/sensors/bootstrap.go:146.29,151.58 4 0
github.com/syntheticscale/maintainability-sensors/sensors/bootstrap.go:151.58,153.4 1 0
github.com/syntheticscale/maintainability-sensors/sensors/bootstrap.go:156.2,156.12 1 0
github.com/syntheticscale/maintainability-sensors/sensors/bootstrap.go:159.52,160.14 1 0
github.com/syntheticscale/maintainability-sensors/sensors/bootstrap.go:161.14,162.32 1 0
github.com/syntheticscale/maintainability-sensors/sensors/bootstrap.go:163.16,164.34 1 0
github.com/syntheticscale/maintainability-sensors/sensors/bootstrap.go:165.12,166.30 1 0
github.com/syntheticscale/maintainability-sensors/sensors/bootstrap.go:167.14,168.32 1 0
github.com/syntheticscale/maintainability-sensors/sensors/bootstrap.go:169.14,170.32 1 0
github.com/syntheticscale/maintainability-sensors/sensors/bootstrap.go:171.16,172.34 1 0
github.com/syntheticscale/maintainability-sensors/sensors/bootstrap.go:174.2,174.12 1 0
github.com/syntheticscale/maintainability-sensors/sensors/bootstrap.go:177.42,179.47 2 0
github.com/syntheticscale/maintainability-sensors/sensors/bootstrap.go:179.47,185.3 1 0
github.com/syntheticscale/maintainability-sensors/sensors/bootstrap.go:185.8,186.180 1 0
github.com/syntheticscale/maintainability-sensors/sensors/bootstrap.go:186.180,188.4 1 0
github.com/syntheticscale/maintainability-sensors/sensors/bootstrap.go:189.3,189.85 1 0
github.com/syntheticscale/maintainability-sensors/sensors/bootstrap.go:191.2,192.12 2 0
github.com/syntheticscale/maintainability-sensors/sensors/bootstrap.go:195.44,197.47 2 0
github.com/syntheticscale/maintainability-sensors/sensors/bootstrap.go:197.47,203.3 1 0
github.com/syntheticscale/maintainability-sensors/sensors/bootstrap.go:203.8,204.180 1 0
github.com/syntheticscale/maintainability-sensors/sensors/bootstrap.go:204.180,206.4 1 0
github.com/syntheticscale/maintainability-sensors/sensors/bootstrap.go:207.3,207.86 1 0
github.com/syntheticscale/maintainability-sensors/sensors/bootstrap.go:209.2,210.12 2 0
github.com/syntheticscale/maintainability-sensors/sensors/bootstrap.go:213.40,215.45 2 0
github.com/syntheticscale/maintainability-sensors/sensors/bootstrap.go:215.45,221.3 1 0
github.com/syntheticscale/maintainability-sensors/sensors/bootstrap.go:221.8,222.180 1 0
github.com/syntheticscale/maintainability-sensors/sensors/bootstrap.go:222.180,224.4 1 0
github.com/syntheticscale/maintainability-sensors/sensors/bootstrap.go:225.3,225.92 1 0
github.com/syntheticscale/maintainability-sensors/sensors/bootstrap.go:227.2,228.12 2 0
github.com/syntheticscale/maintainability-sensors/sensors/bootstrap.go:231.42,233.46 2 0
github.com/syntheticscale/maintainability-sensors/sensors/bootstrap.go:233.46,238.3 1 0
github.com/syntheticscale/maintainability-sensors/sensors/bootstrap.go:238.8,239.270 1 0
github.com/syntheticscale/maintainability-sensors/sensors/bootstrap.go:239.270,241.4 1 0
github.com/syntheticscale/maintainability-sensors/sensors/bootstrap.go:242.3,242.91 1 0
github.com/syntheticscale/maintainability-sensors/sensors/bootstrap.go:244.2,245.12 2 0
github.com/syntheticscale/maintainability-sensors/sensors/bootstrap.go:248.42,250.45 2 0
github.com/syntheticscale/maintainability-sensors/sensors/bootstrap.go:250.45,255.3 1 0
github.com/syntheticscale/maintainability-sensors/sensors/bootstrap.go:255.8,256.179 1 0
github.com/syntheticscale/maintainability-sensors/sensors/bootstrap.go:256.179,258.4 1 0
github.com/syntheticscale/maintainability-sensors/sensors/bootstrap.go:259.3,259.86 1 0
github.com/syntheticscale/maintainability-sensors/sensors/bootstrap.go:261.2,262.12 2 0
github.com/syntheticscale/maintainability-sensors/sensors/bootstrap.go:265.44,267.47 2 0
github.com/syntheticscale/maintainability-sensors/sensors/bootstrap.go:267.47,271.3 1 0
github.com/syntheticscale/maintainability-sensors/sensors/bootstrap.go:271.8,272.139 1 0
github.com/syntheticscale/maintainability-sensors/sensors/bootstrap.go:272.139,274.4 1 0
github.com/syntheticscale/maintainability-sensors/sensors/bootstrap.go:275.3,275.93 1 0
github.com/syntheticscale/maintainability-sensors/sensors/bootstrap.go:277.2,278.12 2 0
github.com/syntheticscale/maintainability-sensors/sensors/bootstrap.go:281.47,291.85 2 0
github.com/syntheticscale/maintainability-sensors/sensors/bootstrap.go:291.85,292.30 1 0
github.com/syntheticscale/maintainability-sensors/sensors/bootstrap.go:292.30,294.4 1 0
github.com/syntheticscale/maintainability-sensors/sensors/bootstrap.go:296.3,296.115 1 0
github.com/syntheticscale/maintainability-sensors/sensors/bootstrap.go:296.115,298.4 1 0
github.com/syntheticscale/maintainability-sensors/sensors/bootstrap.go:299.3,300.14 2 0
github.com/syntheticscale/maintainability-sensors/sensors/bootstrap.go:301.37,302.20 1 0
github.com/syntheticscale/maintainability-sensors/sensors/bootstrap.go:303.14,304.22 1 0
github.com/syntheticscale/maintainability-sensors/sensors/bootstrap.go:305.14,306.18 1 0
github.com/syntheticscale/maintainability-sensors/sensors/bootstrap.go:307.16,308.20 1 0
github.com/syntheticscale/maintainability-sensors/sensors/bootstrap.go:309.14,310.20 1 0
github.com/syntheticscale/maintainability-sensors/sensors/bootstrap.go:311.14,312.22 1 0
github.com/syntheticscale/maintainability-sensors/sensors/bootstrap.go:314.3,314.13 1 0
github.com/syntheticscale/maintainability-sensors/sensors/bootstrap.go:317.2,317.16 1 0
github.com/syntheticscale/maintainability-sensors/sensors/bootstrap.go:317.16,319.3 1 0
github.com/syntheticscale/maintainability-sensors/sensors/bootstrap.go:321.2,322.27 2 0
github.com/syntheticscale/maintainability-sensors/sensors/bootstrap.go:322.27,323.13 1 0
github.com/syntheticscale/maintainability-sensors/sensors/bootstrap.go:323.13,325.4 1 0
github.com/syntheticscale/maintainability-sensors/sensors/bootstrap.go:328.2,328.14 1 0
github.com/syntheticscale/maintainability-sensors/sensors/bootstrap.go:331.46,332.14 1 0
github.com/syntheticscale/maintainability-sensors/sensors/bootstrap.go:333.14,334.59 1 0
github.com/syntheticscale/maintainability-sensors/sensors/bootstrap.go:335.16,336.43 1 0
github.com/syntheticscale/maintainability-sensors/sensors/bootstrap.go:337.12,338.33 1 0
github.com/syntheticscale/maintainability-sensors/sensors/bootstrap.go:339.14,340.48 1 0
github.com/syntheticscale/maintainability-sensors/sensors/bootstrap.go:341.14,342.41 1 0
github.com/syntheticscale/maintainability-sensors/sensors/bootstrap.go:343.16,344.35 1 0
github.com/syntheticscale/maintainability-sensors/sensors/bootstrap.go:346.2,346.18 1 0
github.com/syntheticscale/maintainability-sensors/sensors/bootstrap.go:349.73,352.2 2 0
github.com/syntheticscale/maintainability-sensors/sensors/bootstrap.go:354.46,359.14 4 0
github.com/syntheticscale/maintainability-sensors/sensors/bootstrap.go:360.14,364.98 4 0
github.com/syntheticscale/maintainability-sensors/sensors/bootstrap.go:365.16,369.88 4 0
github.com/syntheticscale/maintainability-sensors/sensors/bootstrap.go:370.12,374.44 4 0
github.com/syntheticscale/maintainability-sensors/sensors/bootstrap.go:375.14,385.30 10 0
github.com/syntheticscale/maintainability-sensors/sensors/bootstrap.go:386.14,390.63 4 0
github.com/syntheticscale/maintainability-sensors/sensors/bootstrap.go:391.16,397.54 6 0
github.com/syntheticscale/maintainability-sensors/sensors/bootstrap.go:399.2,399.108 1 0
github.com/syntheticscale/maintainability-sensors/sensors/config_parsers.go:31.46,32.29 1 1
github.com/syntheticscale/maintainability-sensors/sensors/config_parsers.go:33.15,34.37 1 1
github.com/syntheticscale/maintainability-sensors/sensors/config_parsers.go:35.11,36.32 1 1
github.com/syntheticscale/maintainability-sensors/sensors/config_parsers.go:37.13,38.37 1 0
github.com/syntheticscale/maintainability-sensors/sensors/config_parsers.go:39.30,40.38 1 1
github.com/syntheticscale/maintainability-sensors/sensors/config_parsers.go:40.38,42.4 1 0
github.com/syntheticscale/maintainability-sensors/sensors/config_parsers.go:42.9,42.45 1 1
github.com/syntheticscale/maintainability-sensors/sensors/config_parsers.go:42.45,44.4 1 1
github.com/syntheticscale/maintainability-sensors/sensors/config_parsers.go:45.35,46.38 1 0
github.com/syntheticscale/maintainability-sensors/sensors/config_parsers.go:46.38,48.4 1 0
github.com/syntheticscale/maintainability-sensors/sensors/config_parsers.go:48.9,48.45 1 0
github.com/syntheticscale/maintainability-sensors/sensors/config_parsers.go:48.45,50.4 1 0
github.com/syntheticscale/maintainability-sensors/sensors/config_parsers.go:51.21,52.31 1 1
github.com/syntheticscale/maintainability-sensors/sensors/config_parsers.go:52.31,54.4 1 1
github.com/syntheticscale/maintainability-sensors/sensors/config_parsers.go:60.70,61.20 1 1
github.com/syntheticscale/maintainability-sensors/sensors/config_parsers.go:61.20,63.3 1 1
github.com/syntheticscale/maintainability-sensors/sensors/config_parsers.go:64.2,64.35 1 1
github.com/syntheticscale/maintainability-sensors/sensors/config_parsers.go:64.35,66.3 1 1
github.com/syntheticscale/maintainability-sensors/sensors/config_parsers.go:67.2,67.20 1 1
github.com/syntheticscale/maintainability-sensors/sensors/config_parsers.go:67.20,69.3 1 0
github.com/syntheticscale/maintainability-sensors/sensors/config_parsers.go:71.2,71.44 1 1
github.com/syntheticscale/maintainability-sensors/sensors/config_parsers.go:74.60,82.32 6 1
github.com/syntheticscale/maintainability-sensors/sensors/config_parsers.go:82.32,83.35 1 1
github.com/syntheticscale/maintainability-sensors/sensors/config_parsers.go:83.35,84.22 1 1
github.com/syntheticscale/maintainability-sensors/sensors/config_parsers.go:84.22,85.55 1 1
github.com/syntheticscale/maintainability-sensors/sensors/config_parsers.go:85.55,87.11 2 1
github.com/syntheticscale/maintainability-sensors/sensors/config_parsers.go:93.2,94.13 2 1
github.com/syntheticscale/maintainability-sensors/sensors/config_parsers.go:97.62,100.29 3 1
github.com/syntheticscale/maintainability-sensors/sensors/config_parsers.go:100.29,101.26 1 1
github.com/syntheticscale/maintainability-sensors/sensors/config_parsers.go:102.31,103.27 1 1
github.com/syntheticscale/maintainability-sensors/sensors/config_parsers.go:103.27,104.76 1 1
github.com/syntheticscale/maintainability-sensors/sensors/config_parsers.go:104.76,106.6 1 1
github.com/syntheticscale/maintainability-sensors/sensors/config_parsers.go:107.5,107.13 1 1
github.com/syntheticscale/maintainability-sensors/sensors/config_parsers.go:109.22,110.29 1 1
github.com/syntheticscale/maintainability-sensors/sensors/config_parsers.go:110.29,112.5 1 1
github.com/syntheticscale/maintainability-sensors/sensors/config_parsers.go:116.2,120.20 4 1
github.com/syntheticscale/maintainability-sensors/sensors/config_parsers.go:120.20,125.33 4 1
github.com/syntheticscale/maintainability-sensors/sensors/config_parsers.go:125.33,126.22 1 1
github.com/syntheticscale/maintainability-sensors/sensors/config_parsers.go:126.22,127.55 1 1
github.com/syntheticscale/maintainability-sensors/sensors/config_parsers.go:127.55,129.6 1 1
github.com/syntheticscale/maintainability-sensors/sensors/config_parsers.go:134.2,135.13 2 1
github.com/syntheticscale/maintainability-sensors/sensors/config_parsers.go:138.62,141.29 3 0
github.com/syntheticscale/maintainability-sensors/sensors/config_parsers.go:141.29,142.26 1 0
github.com/syntheticscale/maintainability-sensors/sensors/config_parsers.go:143.31,144.27 1 0
github.com/syntheticscale/maintainability-sensors/sensors/config_parsers.go:144.27,145.76 1 0
github.com/syntheticscale/maintainability-sensors/sensors/config_parsers.go:145.76,147.6 1 0
github.com/syntheticscale/maintainability-sensors/sensors/config_parsers.go:148.5,148.13 1 0
github.com/syntheticscale/maintainability-sensors/sensors/config_parsers.go:150.22,151.29 1 0
github.com/syntheticscale/maintainability-sensors/sensors/config_parsers.go:151.29,153.5 1 0
github.com/syntheticscale/maintainability-sensors/sensors/config_parsers.go:157.2,162.13 5 0
github.com/syntheticscale/maintainability-sensors/sensors/config_parsers.go:165.62,168.29 3 1
github.com/syntheticscale/maintainability-sensors/sensors/config_parsers.go:168.29,169.26 1 1
github.com/syntheticscale/maintainability-sensors/sensors/config_parsers.go:170.31,171.27 1 1
github.com/syntheticscale/maintainability-sensors/sensors/config_parsers.go:171.27,172.76 1 1
github.com/syntheticscale/maintainability-sensors/sensors/config_parsers.go:172.76,174.6 1 1
github.com/syntheticscale/maintainability-sensors/sensors/config_parsers.go:175.5,175.13 1 1
github.com/syntheticscale/maintainability-sensors/sensors/config_parsers.go:177.22,178.29 1 1
github.com/syntheticscale/maintainability-sensors/sensors/config_parsers.go:178.29,180.5 1 1
github.com/syntheticscale/maintainability-sensors/sensors/config_parsers.go:184.2,185.63 2 1
github.com/syntheticscale/maintainability-sensors/sensors/config_parsers.go:185.63,187.3 1 1
github.com/syntheticscale/maintainability-sensors/sensors/config_parsers.go:188.2,189.13 2 1
github.com/syntheticscale/maintainability-sensors/sensors/config_parsers.go:192.28,193.20 1 1
github.com/syntheticscale/maintainability-sensors/sensors/config_parsers.go:193.20,195.3 1 0
github.com/syntheticscale/maintainability-sensors/sensors/config_parsers.go:196.2,197.25 2 1
github.com/syntheticscale/maintainability-sensors/sensors/config_parsers.go:197.25,198.12 1 1
github.com/syntheticscale/maintainability-sensors/sensors/config_parsers.go:198.12,200.4 1 1
github.com/syntheticscale/maintainability-sensors/sensors/config_parsers.go:202.2,202.10 1 1
github.com/syntheticscale/maintainability-sensors/sensors/csharp_parser.go:11.56,15.16 3 0
github.com/syntheticscale/maintainability-sensors/sensors/csharp_parser.go:15.16,17.3 1 0
github.com/syntheticscale/maintainability-sensors/sensors/csharp_parser.go:19.2,23.17 4 0
github.com/syntheticscale/maintainability-sensors/sensors/csharp_parser.go:23.17,25.3 1 0
github.com/syntheticscale/maintainability-sensors/sensors/csharp_parser.go:27.2,28.30 2 0
github.com/syntheticscale/maintainability-sensors/sensors/csharp_parser.go:28.30,29.15 1 0
github.com/syntheticscale/maintainability-sensors/sensors/csharp_parser.go:29.15,31.4 1 0
github.com/syntheticscale/maintainability-sensors/sensors/csharp_parser.go:33.3,34.101 2 0
github.com/syntheticscale/maintainability-sensors/sensors/csharp_parser.go:34.101,50.39 7 0
github.com/syntheticscale/maintainability-sensors/sensors/csharp_parser.go:50.39,51.17 1 0
github.com/syntheticscale/maintainability-sensors/sensors/csharp_parser.go:51.17,53.6 1 0
github.com/syntheticscale/maintainability-sensors/sensors/csharp_parser.go:54.5,54.65 1 0
github.com/syntheticscale/maintainability-sensors/sensors/csharp_parser.go:54.65,56.6 1 0
github.com/syntheticscale/maintainability-sensors/sensors/csharp_parser.go:57.5,57.51 1 0
github.com/syntheticscale/maintainability-sensors/sensors/csharp_parser.go:57.51,59.6 1 0
github.com/syntheticscale/maintainability-sensors/sensors/csharp_parser.go:61.4,72.43 5 0
github.com/syntheticscale/maintainability-sensors/sensors/csharp_parser.go:72.43,73.17 1 0
github.com/syntheticscale/maintainability-sensors/sensors/csharp_parser.go:73.17,75.6 1 0
github.com/syntheticscale/maintainability-sensors/sensors/csharp_parser.go:76.5,77.186 2 0
github.com/syntheticscale/maintainability-sensors/sensors/csharp_parser.go:77.186,79.6 1 0
github.com/syntheticscale/maintainability-sensors/sensors/csharp_parser.go:80.5,80.34 1 0
github.com/syntheticscale/maintainability-sensors/sensors/csharp_parser.go:80.34,81.47 1 0
github.com/syntheticscale/maintainability-sensors/sensors/csharp_parser.go:81.47,83.27 2 0
github.com/syntheticscale/maintainability-sensors/sensors/csharp_parser.go:83.27,86.54 3 0
github.com/syntheticscale/maintainability-sensors/sensors/csharp_parser.go:86.54,88.37 2 0
github.com/syntheticscale/maintainability-sensors/sensors/csharp_parser.go:88.37,90.10 1 0
github.com/syntheticscale/maintainability-sensors/sensors/csharp_parser.go:95.5,95.39 1 0
github.com/syntheticscale/maintainability-sensors/sensors/csharp_parser.go:95.39,97.6 1 0
github.com/syntheticscale/maintainability-sensors/sensors/csharp_parser.go:98.5,98.51 1 0
github.com/syntheticscale/maintainability-sensors/sensors/csharp_parser.go:98.51,100.6 1 0
github.com/syntheticscale/maintainability-sensors/sensors/csharp_parser.go:102.4,108.6 2 0
github.com/syntheticscale/maintainability-sensors/sensors/csharp_parser.go:111.3,111.49 1 0
github.com/syntheticscale/maintainability-sensors/sensors/csharp_parser.go:111.49,113.4 1 0
github.com/syntheticscale/maintainability-sensors/sensors/csharp_parser.go:116.2,118.24 2 0
github.com/syntheticscale/maintainability-sensors/sensors/csharp_parser.go:124.37,126.2 1 0
github.com/syntheticscale/maintainability-sensors/sensors/csharp_parser.go:128.83,130.37 2 0
github.com/syntheticscale/maintainability-sensors/sensors/csharp_parser.go:130.37,132.17 2 0
github.com/syntheticscale/maintainability-sensors/sensors/csharp_parser.go:132.17,134.4 1 0
github.com/syntheticscale/maintainability-sensors/sensors/csharp_parser.go:135.3,135.36 1 0
github.com/syntheticscale/maintainability-sensors/sensors/csharp_parser.go:137.2,137.24 1 0
github.com/syntheticscale/maintainability-sensors/sensors/eslint_parser.go:6.41,6.60 1 1
github.com/syntheticscale/maintainability-sensors/sensors/eslint_parser.go:8.48,18.2 1 1
github.com/syntheticscale/maintainability-sensors/sensors/eslint_parser.go:20.50,27.2 1 1
github.com/syntheticscale/maintainability-sensors/sensors/git_diff.go:27.93,28.24 1 0
github.com/syntheticscale/maintainability-sensors/sensors/git_diff.go:28.24,30.3 1 0
github.com/syntheticscale/maintainability-sensors/sensors/git_diff.go:32.2,38.16 5 0
github.com/syntheticscale/maintainability-sensors/sensors/git_diff.go:38.16,40.31 2 0
github.com/syntheticscale/maintainability-sensors/sensors/git_diff.go:40.31,42.93 2 0
github.com/syntheticscale/maintainability-sensors/sensors/git_diff.go:42.93,45.5 1 0
github.com/syntheticscale/maintainability-sensors/sensors/git_diff.go:45.10,47.5 1 0
github.com/syntheticscale/maintainability-sensors/sensors/git_diff.go:48.9,50.4 1 0
github.com/syntheticscale/maintainability-sensors/sensors/git_diff.go:53.2,56.21 3 0
github.com/syntheticscale/maintainability-sensors/sensors/git_diff.go:56.21,59.80 2 0
github.com/syntheticscale/maintainability-sensors/sensors/git_diff.go:59.80,62.49 2 0
github.com/syntheticscale/maintainability-sensors/sensors/git_diff.go:62.49,64.5 1 0
github.com/syntheticscale/maintainability-sensors/sensors/git_diff.go:65.4,65.12 1 0
github.com/syntheticscale/maintainability-sensors/sensors/git_diff.go:68.3,68.24 1 0
github.com/syntheticscale/maintainability-sensors/sensors/git_diff.go:68.24,69.81 1 0
github.com/syntheticscale/maintainability-sensors/sensors/git_diff.go:69.81,72.19 3 0
github.com/syntheticscale/maintainability-sensors/sensors/git_diff.go:72.19,73.14 1 0
github.com/syntheticscale/maintainability-sensors/sensors/git_diff.go:76.5,77.45 2 0
github.com/syntheticscale/maintainability-sensors/sensors/git_diff.go:77.45,79.20 2 0
github.com/syntheticscale/maintainability-sensors/sensors/git_diff.go:79.20,80.15 1 0
github.com/syntheticscale/maintainability-sensors/sensors/git_diff.go:84.5,84.18 1 0
github.com/syntheticscale/maintainability-sensors/sensors/git_diff.go:84.18,87.6 2 0
github.com/syntheticscale/maintainability-sensors/sensors/git_diff.go:92.2,92.38 1 0
github.com/syntheticscale/maintainability-sensors/sensors/git_diff.go:92.38,94.3 1 0
github.com/syntheticscale/maintainability-sensors/sensors/git_diff.go:97.2,100.16 4 0
github.com/syntheticscale/maintainability-sensors/sensors/git_diff.go:100.16,102.3 1 0
github.com/syntheticscale/maintainability-sensors/sensors/git_diff.go:104.2,105.30 2 0
github.com/syntheticscale/maintainability-sensors/sensors/git_diff.go:105.30,107.17 2 0
github.com/syntheticscale/maintainability-sensors/sensors/git_diff.go:107.17,109.4 1 0
github.com/syntheticscale/maintainability-sensors/sensors/git_diff.go:112.2,112.47 1 0
github.com/syntheticscale/maintainability-sensors/sensors/git_diff.go:112.47,114.3 1 0
github.com/syntheticscale/maintainability-sensors/sensors/git_diff.go:116.2,116.20 1 0
github.com/syntheticscale/maintainability-sensors/sensors/go_ast.go:17.55,22.16 4 0
github.com/syntheticscale/maintainability-sensors/sensors/go_ast.go:22.16,24.3 1 0
github.com/syntheticscale/maintainability-sensors/sensors/go_ast.go:26.2,26.31 1 0
github.com/syntheticscale/maintainability-sensors/sensors/go_ast.go:26.31,28.28 2 0
github.com/syntheticscale/maintainability-sensors/sensors/go_ast.go:28.28,29.12 1 0
github.com/syntheticscale/maintainability-sensors/sensors/go_ast.go:32.3,48.28 8 0
github.com/syntheticscale/maintainability-sensors/sensors/go_ast.go:48.28,49.46 1 0
github.com/syntheticscale/maintainability-sensors/sensors/go_ast.go:49.46,50.29 1 0
github.com/syntheticscale/maintainability-sensors/sensors/go_ast.go:50.29,52.6 1 0
github.com/syntheticscale/maintainability-sensors/sensors/go_ast.go:52.11,54.6 1 0
github.com/syntheticscale/maintainability-sensors/sensors/go_ast.go:57.3,71.5 3 0
github.com/syntheticscale/maintainability-sensors/sensors/go_ast.go:74.2,74.24 1 0
github.com/syntheticscale/maintainability-sensors/sensors/go_ast.go:78.50,81.45 2 0
github.com/syntheticscale/maintainability-sensors/sensors/go_ast.go:81.45,82.24 1 0
github.com/syntheticscale/maintainability-sensors/sensors/go_ast.go:83.21,84.16 1 0
github.com/syntheticscale/maintainability-sensors/sensors/go_ast.go:85.20,86.16 1 0
github.com/syntheticscale/maintainability-sensors/sensors/go_ast.go:87.37,88.16 1 0
github.com/syntheticscale/maintainability-sensors/sensors/go_ast.go:89.24,91.23 1 0
github.com/syntheticscale/maintainability-sensors/sensors/go_ast.go:91.23,93.5 1 0
github.com/syntheticscale/maintainability-sensors/sensors/go_ast.go:94.24,96.21 1 0
github.com/syntheticscale/maintainability-sensors/sensors/go_ast.go:96.21,98.5 1 0
github.com/syntheticscale/maintainability-sensors/sensors/go_ast.go:99.24,100.47 1 0
github.com/syntheticscale/maintainability-sensors/sensors/go_ast.go:100.47,102.5 1 0
github.com/syntheticscale/maintainability-sensors/sensors/go_ast.go:104.3,104.14 1 0
github.com/syntheticscale/maintainability-sensors/sensors/go_ast.go:107.2,107.19 1 0
github.com/syntheticscale/maintainability-sensors/sensors/go_ast.go:113.33,115.2 1 0
github.com/syntheticscale/maintainability-sensors/sensors/go_ast.go:117.79,119.37 2 0
github.com/syntheticscale/maintainability-sensors/sensors/go_ast.go:119.37,121.17 2 0
github.com/syntheticscale/maintainability-sensors/sensors/go_ast.go:121.17,123.4 1 0
github.com/syntheticscale/maintainability-sensors/sensors/go_ast.go:124.3,124.36 1 0
github.com/syntheticscale/maintainability-sensors/sensors/go_ast.go:126.2,126.24 1 0
github.com/syntheticscale/maintainability-sensors/sensors/golangci_parser.go:6.37,6.58 1 1
github.com/syntheticscale/maintainability-sensors/sensors/golangci_parser.go:8.44,10.2 1 1
github.com/syntheticscale/maintainability-sensors/sensors/golangci_parser.go:12.46,18.2 1 1
github.com/syntheticscale/maintainability-sensors/sensors/java_parser.go:11.54,15.16 3 0
github.com/syntheticscale/maintainability-sensors/sensors/java_parser.go:15.16,17.3 1 0
github.com/syntheticscale/maintainability-sensors/sensors/java_parser.go:19.2,23.17 4 0
github.com/syntheticscale/maintainability-sensors/sensors/java_parser.go:23.17,25.3 1 0
github.com/syntheticscale/maintainability-sensors/sensors/java_parser.go:27.2,28.30 2 0
github.com/syntheticscale/maintainability-sensors/sensors/java_parser.go:28.30,29.15 1 0
github.com/syntheticscale/maintainability-sensors/sensors/java_parser.go:29.15,31.4 1 0
github.com/syntheticscale/maintainability-sensors/sensors/java_parser.go:33.3,34.66 2 0
github.com/syntheticscale/maintainability-sensors/sensors/java_parser.go:34.66,50.39 7 0
github.com/syntheticscale/maintainability-sensors/sensors/java_parser.go:50.39,51.17 1 0
github.com/syntheticscale/maintainability-sensors/sensors/java_parser.go:51.17,53.6 1 0
github.com/syntheticscale/maintainability-sensors/sensors/java_parser.go:54.5,54.73 1 0
github.com/syntheticscale/maintainability-sensors/sensors/java_parser.go:54.73,56.6 1 0
github.com/syntheticscale/maintainability-sensors/sensors/java_parser.go:57.5,57.51 1 0
github.com/syntheticscale/maintainability-sensors/sensors/java_parser.go:57.51,59.6 1 0
github.com/syntheticscale/maintainability-sensors/sensors/java_parser.go:61.4,72.43 5 0
github.com/syntheticscale/maintainability-sensors/sensors/java_parser.go:72.43,73.17 1 0
github.com/syntheticscale/maintainability-sensors/sensors/java_parser.go:73.17,75.6 1 0
github.com/syntheticscale/maintainability-sensors/sensors/java_parser.go:76.5,77.220 2 0
github.com/syntheticscale/maintainability-sensors/sensors/java_parser.go:77.220,79.6 1 0
github.com/syntheticscale/maintainability-sensors/sensors/java_parser.go:80.5,80.34 1 0
github.com/syntheticscale/maintainability-sensors/sensors/java_parser.go:80.34,81.47 1 0
github.com/syntheticscale/maintainability-sensors/sensors/java_parser.go:81.47,83.27 2 0
github.com/syntheticscale/maintainability-sensors/sensors/java_parser.go:83.27,86.54 3 0
github.com/syntheticscale/maintainability-sensors/sensors/java_parser.go:86.54,88.37 2 0
github.com/syntheticscale/maintainability-sensors/sensors/java_parser.go:88.37,90.10 1 0
github.com/syntheticscale/maintainability-sensors/sensors/java_parser.go:95.5,95.35 1 0
github.com/syntheticscale/maintainability-sensors/sensors/java_parser.go:95.35,97.6 1 0
github.com/syntheticscale/maintainability-sensors/sensors/java_parser.go:98.5,98.51 1 0
github.com/syntheticscale/maintainability-sensors/sensors/java_parser.go:98.51,100.6 1 0
github.com/syntheticscale/maintainability-sensors/sensors/java_parser.go:102.4,108.6 2 0
github.com/syntheticscale/maintainability-sensors/sensors/java_parser.go:111.3,111.49 1 0
github.com/syntheticscale/maintainability-sensors/sensors/java_parser.go:111.49,113.4 1 0
github.com/syntheticscale/maintainability-sensors/sensors/java_parser.go:116.2,118.24 2 0
github.com/syntheticscale/maintainability-sensors/sensors/java_parser.go:124.35,126.2 1 0
github.com/syntheticscale/maintainability-sensors/sensors/java_parser.go:128.81,130.37 2 0
github.com/syntheticscale/maintainability-sensors/sensors/java_parser.go:130.37,132.17 2 0
github.com/syntheticscale/maintainability-sensors/sensors/java_parser.go:132.17,134.4 1 0
github.com/syntheticscale/maintainability-sensors/sensors/java_parser.go:135.3,135.36 1 0
github.com/syntheticscale/maintainability-sensors/sensors/java_parser.go:137.2,137.24 1 0
github.com/syntheticscale/maintainability-sensors/sensors/orchestrator.go:40.48,41.36 1 1
github.com/syntheticscale/maintainability-sensors/sensors/orchestrator.go:41.36,43.3 1 1
github.com/syntheticscale/maintainability-sensors/sensors/orchestrator.go:44.2,45.36 2 1
github.com/syntheticscale/maintainability-sensors/sensors/orchestrator.go:45.36,47.3 1 1
github.com/syntheticscale/maintainability-sensors/sensors/orchestrator.go:48.2,48.19 1 1
github.com/syntheticscale/maintainability-sensors/sensors/orchestrator.go:52.68,54.16 2 1
github.com/syntheticscale/maintainability-sensors/sensors/orchestrator.go:54.16,56.3 1 1
github.com/syntheticscale/maintainability-sensors/sensors/orchestrator.go:57.2,58.16 2 0
github.com/syntheticscale/maintainability-sensors/sensors/orchestrator.go:58.16,60.3 1 0
github.com/syntheticscale/maintainability-sensors/sensors/orchestrator.go:61.2,61.22 1 0
github.com/syntheticscale/maintainability-sensors/sensors/orchestrator.go:61.22,63.3 1 0
github.com/syntheticscale/maintainability-sensors/sensors/orchestrator.go:64.2,64.68 1 0
github.com/syntheticscale/maintainability-sensors/sensors/orchestrator.go:68.91,69.25 1 0
github.com/syntheticscale/maintainability-sensors/sensors/orchestrator.go:69.25,71.3 1 0
github.com/syntheticscale/maintainability-sensors/sensors/orchestrator.go:73.2,76.30 3 0
github.com/syntheticscale/maintainability-sensors/sensors/orchestrator.go:76.30,78.17 2 0
github.com/syntheticscale/maintainability-sensors/sensors/orchestrator.go:78.17,80.4 1 0
github.com/syntheticscale/maintainability-sensors/sensors/orchestrator.go:81.3,82.17 2 0
github.com/syntheticscale/maintainability-sensors/sensors/orchestrator.go:82.17,84.4 1 0
github.com/syntheticscale/maintainability-sensors/sensors/orchestrator.go:85.3,86.41 2 0
github.com/syntheticscale/maintainability-sensors/sensors/orchestrator.go:89.2,90.23 2 0
github.com/syntheticscale/maintainability-sensors/sensors/orchestrator.go:90.23,92.40 2 0
github.com/syntheticscale/maintainability-sensors/sensors/orchestrator.go:92.40,98.4 1 0
github.com/syntheticscale/maintainability-sensors/sensors/orchestrator.go:99.3,99.22 1 0
github.com/syntheticscale/maintainability-sensors/sensors/orchestrator.go:102.2,105.39 3 0
github.com/syntheticscale/maintainability-sensors/sensors/orchestrator.go:105.39,107.19 2 0
github.com/syntheticscale/maintainability-sensors/sensors/orchestrator.go:107.19,110.4 2 0
github.com/syntheticscale/maintainability-sensors/sensors/orchestrator.go:113.2,118.33 4 0
github.com/syntheticscale/maintainability-sensors/sensors/orchestrator.go:118.33,119.31 1 0
github.com/syntheticscale/maintainability-sensors/sensors/orchestrator.go:119.31,120.9 1 0
github.com/syntheticscale/maintainability-sensors/sensors/orchestrator.go:123.3,127.36 4 0
github.com/syntheticscale/maintainability-sensors/sensors/orchestrator.go:127.36,128.16 1 0
github.com/syntheticscale/maintainability-sensors/sensors/orchestrator.go:128.16,130.5 1 0
github.com/syntheticscale/maintainability-sensors/sensors/orchestrator.go:130.10,131.67 1 0
github.com/syntheticscale/maintainability-sensors/sensors/orchestrator.go:131.67,133.6 1 0
github.com/syntheticscale/maintainability-sensors/sensors/orchestrator.go:137.3,137.31 1 0
github.com/syntheticscale/maintainability-sensors/sensors/orchestrator.go:137.31,138.12 1 0
github.com/syntheticscale/maintainability-sensors/sensors/orchestrator.go:141.3,143.49 3 0
github.com/syntheticscale/maintainability-sensors/sensors/orchestrator.go:143.49,145.33 2 0
github.com/syntheticscale/maintainability-sensors/sensors/orchestrator.go:145.33,147.5 1 0
github.com/syntheticscale/maintainability-sensors/sensors/orchestrator.go:148.4,149.18 2 0
github.com/syntheticscale/maintainability-sensors/sensors/orchestrator.go:149.18,151.10 2 0
github.com/syntheticscale/maintainability-sensors/sensors/orchestrator.go:153.4,153.35 1 0
github.com/syntheticscale/maintainability-sensors/sensors/orchestrator.go:153.35,155.5 1 0
github.com/syntheticscale/maintainability-sensors/sensors/orchestrator.go:158.3,158.24 1 0
github.com/syntheticscale/maintainability-sensors/sensors/orchestrator.go:158.24,160.12 2 0
github.com/syntheticscale/maintainability-sensors/sensors/orchestrator.go:163.3,163.25 1 0
github.com/syntheticscale/maintainability-sensors/sensors/orchestrator.go:163.25,165.37 2 0
github.com/syntheticscale/maintainability-sensors/sensors/orchestrator.go:165.37,168.50 3 0
github.com/syntheticscale/maintainability-sensors/sensors/orchestrator.go:168.50,170.87 2 0
github.com/syntheticscale/maintainability-sensors/sensors/orchestrator.go:170.87,172.36 2 0
github.com/syntheticscale/maintainability-sensors/sensors/orchestrator.go:172.36,173.26 1 0
github.com/syntheticscale/maintainability-sensors/sensors/orchestrator.go:174.26,175.41 1 0
github.com/syntheticscale/maintainability-sensors/sensors/orchestrator.go:175.41,177.10 1 0
github.com/syntheticscale/maintainability-sensors/sensors/orchestrator.go:178.30,179.45 1 0
github.com/syntheticscale/maintainability-sensors/sensors/orchestrator.go:179.45,181.10 1 0
github.com/syntheticscale/maintainability-sensors/sensors/orchestrator.go:182.29,183.44 1 0
github.com/syntheticscale/maintainability-sensors/sensors/orchestrator.go:183.44,185.10 1 0
github.com/syntheticscale/maintainability-sensors/sensors/orchestrator.go:188.7,190.12 3 0
github.com/syntheticscale/maintainability-sensors/sensors/orchestrator.go:193.5,193.15 1 0
github.com/syntheticscale/maintainability-sensors/sensors/orchestrator.go:193.15,195.41 2 0
github.com/syntheticscale/maintainability-sensors/sensors/orchestrator.go:195.41,196.19 1 0
github.com/syntheticscale/maintainability-sensors/sensors/orchestrator.go:196.19,198.13 2 0
github.com/syntheticscale/maintainability-sensors/sensors/orchestrator.go:201.6,201.26 1 0
github.com/syntheticscale/maintainability-sensors/sensors/orchestrator.go:201.26,203.7 1 0
github.com/syntheticscale/maintainability-sensors/sensors/orchestrator.go:206.4,206.34 1 0
github.com/syntheticscale/maintainability-sensors/sensors/orchestrator.go:210.2,211.39 2 0
github.com/syntheticscale/maintainability-sensors/sensors/orchestrator.go:211.39,220.30 4 0
github.com/syntheticscale/maintainability-sensors/sensors/orchestrator.go:220.30,221.44 1 0
github.com/syntheticscale/maintainability-sensors/sensors/orchestrator.go:221.44,223.10 2 0
github.com/syntheticscale/maintainability-sensors/sensors/orchestrator.go:227.3,227.56 1 0
github.com/syntheticscale/maintainability-sensors/sensors/orchestrator.go:227.56,229.4 1 0
github.com/syntheticscale/maintainability-sensors/sensors/orchestrator.go:229.9,233.4 3 0
github.com/syntheticscale/maintainability-sensors/sensors/orchestrator.go:235.3,235.55 1 0
github.com/syntheticscale/maintainability-sensors/sensors/orchestrator.go:235.55,237.4 1 0
github.com/syntheticscale/maintainability-sensors/sensors/orchestrator.go:239.3,239.50 1 0
github.com/syntheticscale/maintainability-sensors/sensors/orchestrator.go:239.50,241.4 1 0
github.com/syntheticscale/maintainability-sensors/sensors/orchestrator.go:241.9,241.111 1 0
github.com/syntheticscale/maintainability-sensors/sensors/orchestrator.go:241.111,243.4 1 0
github.com/syntheticscale/maintainability-sensors/sensors/orchestrator.go:243.9,244.42 1 0
github.com/syntheticscale/maintainability-sensors/sensors/orchestrator.go:244.42,246.5 1 0
github.com/syntheticscale/maintainability-sensors/sensors/orchestrator.go:248.3,248.33 1 0
github.com/syntheticscale/maintainability-sensors/sensors/orchestrator.go:251.2,251.21 1 0
github.com/syntheticscale/maintainability-sensors/sensors/orchestrator.go:255.119,256.25 1 0
github.com/syntheticscale/maintainability-sensors/sensors/orchestrator.go:256.25,258.3 1 0
github.com/syntheticscale/maintainability-sensors/sensors/orchestrator.go:260.2,261.30 2 0
github.com/syntheticscale/maintainability-sensors/sensors/orchestrator.go:261.30,263.17 2 0
github.com/syntheticscale/maintainability-sensors/sensors/orchestrator.go:263.17,265.4 1 0
github.com/syntheticscale/maintainability-sensors/sensors/orchestrator.go:266.3,266.41 1 0
github.com/syntheticscale/maintainability-sensors/sensors/orchestrator.go:269.2,270.23 2 0
github.com/syntheticscale/maintainability-sensors/sensors/orchestrator.go:270.23,272.3 1 0
github.com/syntheticscale/maintainability-sensors/sensors/orchestrator.go:274.2,275.39 2 0
github.com/syntheticscale/maintainability-sensors/sensors/orchestrator.go:275.39,277.19 2 0
github.com/syntheticscale/maintainability-sensors/sensors/orchestrator.go:277.19,279.4 1 0
github.com/syntheticscale/maintainability-sensors/sensors/orchestrator.go:282.2,285.33 3 0
github.com/syntheticscale/maintainability-sensors/sensors/orchestrator.go:285.33,286.31 1 0
github.com/syntheticscale/maintainability-sensors/sensors/orchestrator.go:286.31,287.9 1 0
github.com/syntheticscale/maintainability-sensors/sensors/orchestrator.go:290.3,294.36 4 0
github.com/syntheticscale/maintainability-sensors/sensors/orchestrator.go:294.36,295.16 1 0
github.com/syntheticscale/maintainability-sensors/sensors/orchestrator.go:295.16,297.5 1 0
github.com/syntheticscale/maintainability-sensors/sensors/orchestrator.go:297.10,298.67 1 0
github.com/syntheticscale/maintainability-sensors/sensors/orchestrator.go:298.67,300.6 1 0
github.com/syntheticscale/maintainability-sensors/sensors/orchestrator.go:304.3,304.31 1 0
github.com/syntheticscale/maintainability-sensors/sensors/orchestrator.go:304.31,305.12 1 0
github.com/syntheticscale/maintainability-sensors/sensors/orchestrator.go:308.3,309.49 2 0
github.com/syntheticscale/maintainability-sensors/sensors/orchestrator.go:309.49,311.33 2 0
github.com/syntheticscale/maintainability-sensors/sensors/orchestrator.go:311.33,313.5 1 0
github.com/syntheticscale/maintainability-sensors/sensors/orchestrator.go:314.4,315.18 2 0
github.com/syntheticscale/maintainability-sensors/sensors/orchestrator.go:315.18,317.5 1 0
github.com/syntheticscale/maintainability-sensors/sensors/orchestrator.go:318.4,318.35 1 0
github.com/syntheticscale/maintainability-sensors/sensors/orchestrator.go:318.35,320.5 1 0
github.com/syntheticscale/maintainability-sensors/sensors/orchestrator.go:323.3,323.25 1 0
github.com/syntheticscale/maintainability-sensors/sensors/orchestrator.go:323.25,325.37 2 0
github.com/syntheticscale/maintainability-sensors/sensors/orchestrator.go:325.37,328.50 3 0
github.com/syntheticscale/maintainability-sensors/sensors/orchestrator.go:328.50,330.87 2 0
github.com/syntheticscale/maintainability-sensors/sensors/orchestrator.go:330.87,332.25 2 0
github.com/syntheticscale/maintainability-sensors/sensors/orchestrator.go:332.25,334.8 1 0
github.com/syntheticscale/maintainability-sensors/sensors/orchestrator.go:335.7,337.12 3 0
github.com/syntheticscale/maintainability-sensors/sensors/orchestrator.go:340.5,340.15 1 0
github.com/syntheticscale/maintainability-sensors/sensors/orchestrator.go:340.15,342.41 2 0
github.com/syntheticscale/maintainability-sensors/sensors/orchestrator.go:342.41,343.19 1 0
github.com/syntheticscale/maintainability-sensors/sensors/orchestrator.go:343.19,345.13 2 0
github.com/syntheticscale/maintainability-sensors/sensors/orchestrator.go:348.6,348.26 1 0
github.com/syntheticscale/maintainability-sensors/sensors/orchestrator.go:348.26,350.7 1 0
github.com/syntheticscale/maintainability-sensors/sensors/orchestrator.go:353.4,353.34 1 0
github.com/syntheticscale/maintainability-sensors/sensors/orchestrator.go:357.2,357.24 1 0
github.com/syntheticscale/maintainability-sensors/sensors/orchestrator.go:360.41,362.13 2 1
github.com/syntheticscale/maintainability-sensors/sensors/orchestrator.go:363.21,364.22 1 0
github.com/syntheticscale/maintainability-sensors/sensors/orchestrator.go:365.21,366.22 1 0
github.com/syntheticscale/maintainability-sensors/sensors/orchestrator.go:367.13,368.18 1 0
github.com/syntheticscale/maintainability-sensors/sensors/orchestrator.go:369.13,370.14 1 0
github.com/syntheticscale/maintainability-sensors/sensors/orchestrator.go:371.13,372.16 1 0
github.com/syntheticscale/maintainability-sensors/sensors/orchestrator.go:373.15,374.16 1 0
github.com/syntheticscale/maintainability-sensors/sensors/orchestrator.go:375.13,376.18 1 0
github.com/syntheticscale/maintainability-sensors/sensors/orchestrator.go:378.2,378.11 1 1
github.com/syntheticscale/maintainability-sensors/sensors/orchestrator.go:381.52,382.14 1 1
github.com/syntheticscale/maintainability-sensors/sensors/orchestrator.go:383.34,384.67 1 1
github.com/syntheticscale/maintainability-sensors/sensors/orchestrator.go:385.16,386.66 1 1
github.com/syntheticscale/maintainability-sensors/sensors/orchestrator.go:387.12,388.42 1 1
github.com/syntheticscale/maintainability-sensors/sensors/orchestrator.go:389.14,390.73 1 1
github.com/syntheticscale/maintainability-sensors/sensors/orchestrator.go:392.2,392.12 1 1
github.com/syntheticscale/maintainability-sensors/sensors/orchestrator.go:395.81,397.23 2 1
github.com/syntheticscale/maintainability-sensors/sensors/orchestrator.go:397.23,399.3 1 1
github.com/syntheticscale/maintainability-sensors/sensors/orchestrator.go:401.2,403.16 3 1
github.com/syntheticscale/maintainability-sensors/sensors/orchestrator.go:403.16,405.3 1 0
github.com/syntheticscale/maintainability-sensors/sensors/orchestrator.go:407.2,407.6 1 1
github.com/syntheticscale/maintainability-sensors/sensors/orchestrator.go:407.6,408.34 1 1
github.com/syntheticscale/maintainability-sensors/sensors/orchestrator.go:408.34,410.35 2 1
github.com/syntheticscale/maintainability-sensors/sensors/orchestrator.go:410.35,412.41 2 1
github.com/syntheticscale/maintainability-sensors/sensors/orchestrator.go:412.41,414.6 1 1
github.com/syntheticscale/maintainability-sensors/sensors/orchestrator.go:417.3,418.23 2 1
github.com/syntheticscale/maintainability-sensors/sensors/orchestrator.go:418.23,419.9 1 1
github.com/syntheticscale/maintainability-sensors/sensors/orchestrator.go:421.3,421.18 1 1
github.com/syntheticscale/maintainability-sensors/sensors/orchestrator.go:423.2,423.16 1 1
github.com/syntheticscale/maintainability-sensors/sensors/orchestrator.go:426.56,429.2 2 1
github.com/syntheticscale/maintainability-sensors/sensors/orchestrator.go:431.95,435.16 3 1
github.com/syntheticscale/maintainability-sensors/sensors/orchestrator.go:435.16,437.3 1 0
github.com/syntheticscale/maintainability-sensors/sensors/orchestrator.go:439.2,442.36 3 1
github.com/syntheticscale/maintainability-sensors/sensors/orchestrator.go:442.36,443.39 1 1
github.com/syntheticscale/maintainability-sensors/sensors/orchestrator.go:443.39,445.4 1 1
github.com/syntheticscale/maintainability-sensors/sensors/orchestrator.go:446.3,446.65 1 0
github.com/syntheticscale/maintainability-sensors/sensors/orchestrator.go:449.2,454.46 4 1
github.com/syntheticscale/maintainability-sensors/sensors/orchestrator.go:454.46,456.3 1 1
github.com/syntheticscale/maintainability-sensors/sensors/orchestrator.go:456.8,456.23 1 1
github.com/syntheticscale/maintainability-sensors/sensors/orchestrator.go:456.23,458.3 1 0
github.com/syntheticscale/maintainability-sensors/sensors/orchestrator.go:460.2,460.45 1 1
github.com/syntheticscale/maintainability-sensors/sensors/orchestrator.go:460.45,462.3 1 1
github.com/syntheticscale/maintainability-sensors/sensors/orchestrator.go:464.2,464.41 1 1
github.com/syntheticscale/maintainability-sensors/sensors/orchestrator.go:467.47,470.19 3 0
github.com/syntheticscale/maintainability-sensors/sensors/orchestrator.go:470.19,472.3 1 0
github.com/syntheticscale/maintainability-sensors/sensors/orchestrator.go:477.37,479.2 1 0
github.com/syntheticscale/maintainability-sensors/sensors/orchestrator.go:481.83,495.16 5 1
github.com/syntheticscale/maintainability-sensors/sensors/orchestrator.go:495.16,496.19 1 1
github.com/syntheticscale/maintainability-sensors/sensors/orchestrator.go:496.19,498.4 1 1
github.com/syntheticscale/maintainability-sensors/sensors/orchestrator.go:499.3,499.50 1 1
github.com/syntheticscale/maintainability-sensors/sensors/orchestrator.go:502.2,502.36 1 1
github.com/syntheticscale/maintainability-sensors/sensors/orchestrator.go:502.36,504.20 2 1
github.com/syntheticscale/maintainability-sensors/sensors/orchestrator.go:504.20,508.32 4 1
github.com/syntheticscale/maintainability-sensors/sensors/orchestrator.go:508.32,510.41 2 1
github.com/syntheticscale/maintainability-sensors/sensors/orchestrator.go:510.41,512.57 2 1
github.com/syntheticscale/maintainability-sensors/sensors/orchestrator.go:512.57,513.72 1 1
github.com/syntheticscale/maintainability-sensors/sensors/orchestrator.go:513.72,515.8 1 1
github.com/syntheticscale/maintainability-sensors/sensors/orchestrator.go:516.7,516.147 1 1
github.com/syntheticscale/maintainability-sensors/sensors/orchestrator.go:517.12,517.60 1 1
github.com/syntheticscale/maintainability-sensors/sensors/orchestrator.go:517.60,518.72 1 1
github.com/syntheticscale/maintainability-sensors/sensors/orchestrator.go:518.72,520.8 1 1
github.com/syntheticscale/maintainability-sensors/sensors/orchestrator.go:521.7,521.150 1 1
github.com/syntheticscale/maintainability-sensors/sensors/orchestrator.go:522.12,522.55 1 1
github.com/syntheticscale/maintainability-sensors/sensors/orchestrator.go:522.55,523.67 1 1
github.com/syntheticscale/maintainability-sensors/sensors/orchestrator.go:523.67,525.8 1 1
github.com/syntheticscale/maintainability-sensors/sensors/orchestrator.go:526.7,526.151 1 1
github.com/syntheticscale/maintainability-sensors/sensors/orchestrator.go:529.5,529.45 1 1
github.com/syntheticscale/maintainability-sensors/sensors/orchestrator.go:532.3,532.25 1 1
github.com/syntheticscale/maintainability-sensors/sensors/orchestrator.go:535.2,535.114 1 1
github.com/syntheticscale/maintainability-sensors/sensors/orchestrator.go:540.37,542.2 1 0
github.com/syntheticscale/maintainability-sensors/sensors/orchestrator.go:544.83,554.16 5 1
github.com/syntheticscale/maintainability-sensors/sensors/orchestrator.go:554.16,555.19 1 1
github.com/syntheticscale/maintainability-sensors/sensors/orchestrator.go:555.19,557.4 1 1
github.com/syntheticscale/maintainability-sensors/sensors/orchestrator.go:558.3,558.50 1 1
github.com/syntheticscale/maintainability-sensors/sensors/orchestrator.go:561.2,561.19 1 1
github.com/syntheticscale/maintainability-sensors/sensors/orchestrator.go:561.19,563.20 2 1
github.com/syntheticscale/maintainability-sensors/sensors/orchestrator.go:563.20,564.29 1 1
github.com/syntheticscale/maintainability-sensors/sensors/orchestrator.go:564.29,567.44 3 1
github.com/syntheticscale/maintainability-sensors/sensors/orchestrator.go:567.44,568.62 1 1
github.com/syntheticscale/maintainability-sensors/sensors/orchestrator.go:568.62,571.7 2 1
github.com/syntheticscale/maintainability-sensors/sensors/orchestrator.go:572.11,572.50 1 1
github.com/syntheticscale/maintainability-sensors/sensors/orchestrator.go:572.50,573.61 1 1
github.com/syntheticscale/maintainability-sensors/sensors/orchestrator.go:573.61,576.7 2 1
github.com/syntheticscale/maintainability-sensors/sensors/orchestrator.go:577.11,577.80 1 1
github.com/syntheticscale/maintainability-sensors/sensors/orchestrator.go:577.80,578.59 1 1
github.com/syntheticscale/maintainability-sensors/sensors/orchestrator.go:578.59,581.7 2 1
github.com/syntheticscale/maintainability-sensors/sensors/orchestrator.go:583.5,583.19 1 1
github.com/syntheticscale/maintainability-sensors/sensors/orchestrator.go:583.19,585.6 1 1
github.com/syntheticscale/maintainability-sensors/sensors/orchestrator.go:588.3,588.43 1 1
github.com/syntheticscale/maintainability-sensors/sensors/orchestrator.go:588.43,591.67 2 1
github.com/syntheticscale/maintainability-sensors/sensors/orchestrator.go:591.67,593.5 1 1
github.com/syntheticscale/maintainability-sensors/sensors/orchestrator.go:595.3,595.25 1 1
github.com/syntheticscale/maintainability-sensors/sensors/orchestrator.go:598.2,598.114 1 0
github.com/syntheticscale/maintainability-sensors/sensors/orchestrator.go:603.38,605.2 1 0
github.com/syntheticscale/maintainability-sensors/sensors/orchestrator.go:607.84,621.16 5 1
github.com/syntheticscale/maintainability-sensors/sensors/orchestrator.go:621.16,622.19 1 1
github.com/syntheticscale/maintainability-sensors/sensors/orchestrator.go:622.19,624.4 1 1
github.com/syntheticscale/maintainability-sensors/sensors/orchestrator.go:625.3,625.51 1 1
github.com/syntheticscale/maintainability-sensors/sensors/orchestrator.go:628.2,628.36 1 1
github.com/syntheticscale/maintainability-sensors/sensors/orchestrator.go:628.36,630.28 2 1
github.com/syntheticscale/maintainability-sensors/sensors/orchestrator.go:630.28,631.38 1 1
github.com/syntheticscale/maintainability-sensors/sensors/orchestrator.go:631.38,633.39 2 1
github.com/syntheticscale/maintainability-sensors/sensors/orchestrator.go:633.39,635.44 2 1
github.com/syntheticscale/maintainability-sensors/sensors/orchestrator.go:635.44,637.62 2 1
github.com/syntheticscale/maintainability-sensors/sensors/orchestrator.go:637.62,639.8 1 1
github.com/syntheticscale/maintainability-sensors/sensors/orchestrator.go:641.6,641.18 1 1
github.com/syntheticscale/maintainability-sensors/sensors/orchestrator.go:641.18,642.15 1 0
github.com/syntheticscale/maintainability-sensors/sensors/orchestrator.go:644.6,644.25 1 1
github.com/syntheticscale/maintainability-sensors/sensors/orchestrator.go:645.42,646.107 1 1
github.com/syntheticscale/maintainability-sensors/sensors/orchestrator.go:647.34,648.111 1 1
github.com/syntheticscale/maintainability-sensors/sensors/orchestrator.go:649.36,650.110 1 1
github.com/syntheticscale/maintainability-sensors/sensors/orchestrator.go:653.5,653.39 1 1
github.com/syntheticscale/maintainability-sensors/sensors/orchestrator.go:656.3,656.65 1 1
github.com/syntheticscale/maintainability-sensors/sensors/orchestrator.go:656.65,658.4 1 0
github.com/syntheticscale/maintainability-sensors/sensors/orchestrator.go:659.3,659.25 1 1
github.com/syntheticscale/maintainability-sensors/sensors/orchestrator.go:662.2,662.115 1 1
github.com/syntheticscale/maintainability-sensors/sensors/orchestrator.go:665.78,666.27 1 1
github.com/syntheticscale/maintainability-sensors/sensors/orchestrator.go:666.27,668.20 2 1
github.com/syntheticscale/maintainability-sensors/sensors/orchestrator.go:668.20,670.4 1 1
github.com/syntheticscale/maintainability-sensors/sensors/orchestrator.go:672.2,672.17 1 1
github.com/syntheticscale/maintainability-sensors/sensors/orchestrator.go:675.81,677.39 2 1
github.com/syntheticscale/maintainability-sensors/sensors/orchestrator.go:677.39,679.3 1 1
github.com/syntheticscale/maintainability-sensors/sensors/orchestrator.go:680.2,681.16 2 1
github.com/syntheticscale/maintainability-sensors/sensors/orchestrator.go:681.16,683.3 1 0
github.com/syntheticscale/maintainability-sensors/sensors/orchestrator.go:684.2,687.38 3 1
github.com/syntheticscale/maintainability-sensors/sensors/orchestrator.go:687.38,688.102 1 1
github.com/syntheticscale/maintainability-sensors/sensors/orchestrator.go:688.102,694.4 1 1
github.com/syntheticscale/maintainability-sensors/sensors/orchestrator.go:697.2,697.19 1 1
github.com/syntheticscale/maintainability-sensors/sensors/orchestrator.go:702.35,704.2 1 0
github.com/syntheticscale/maintainability-sensors/sensors/orchestrator.go:706.81,716.16 5 0
github.com/syntheticscale/maintainability-sensors/sensors/orchestrator.go:716.16,717.19 1 0
github.com/syntheticscale/maintainability-sensors/sensors/orchestrator.go:717.19,719.4 1 0
github.com/syntheticscale/maintainability-sensors/sensors/orchestrator.go:720.3,720.48 1 0
github.com/syntheticscale/maintainability-sensors/sensors/orchestrator.go:723.2,723.19 1 0
github.com/syntheticscale/maintainability-sensors/sensors/orchestrator.go:723.19,725.20 2 0
github.com/syntheticscale/maintainability-sensors/sensors/orchestrator.go:725.20,726.29 1 0
github.com/syntheticscale/maintainability-sensors/sensors/orchestrator.go:726.29,729.81 2 0
github.com/syntheticscale/maintainability-sensors/sensors/orchestrator.go:729.81,731.61 2 0
github.com/syntheticscale/maintainability-sensors/sensors/orchestrator.go:731.61,733.7 1 0
github.com/syntheticscale/maintainability-sensors/sensors/orchestrator.go:736.5,737.16 2 0
github.com/syntheticscale/maintainability-sensors/sensors/orchestrator.go:737.16,738.66 1 0
github.com/syntheticscale/maintainability-sensors/sensors/orchestrator.go:738.66,740.7 1 0
github.com/syntheticscale/maintainability-sensors/sensors/orchestrator.go:740.12,740.38 1 0
github.com/syntheticscale/maintainability-sensors/sensors/orchestrator.go:740.38,742.7 1 0
github.com/syntheticscale/maintainability-sensors/sensors/orchestrator.go:742.12,742.38 1 0
github.com/syntheticscale/maintainability-sensors/sensors/orchestrator.go:742.38,744.7 1 0
github.com/syntheticscale/maintainability-sensors/sensors/orchestrator.go:745.11,746.28 1 0
github.com/syntheticscale/maintainability-sensors/sensors/orchestrator.go:746.28,749.7 2 0
github.com/syntheticscale/maintainability-sensors/sensors/orchestrator.go:751.5,751.19 1 0
github.com/syntheticscale/maintainability-sensors/sensors/orchestrator.go:751.19,753.6 1 0
github.com/syntheticscale/maintainability-sensors/sensors/orchestrator.go:756.3,756.43 1 0
github.com/syntheticscale/maintainability-sensors/sensors/orchestrator.go:756.43,758.67 2 0
github.com/syntheticscale/maintainability-sensors/sensors/orchestrator.go:758.67,760.5 1 0
github.com/syntheticscale/maintainability-sensors/sensors/orchestrator.go:762.3,762.25 1 0
github.com/syntheticscale/maintainability-sensors/sensors/orchestrator.go:765.2,765.112 1 0
github.com/syntheticscale/maintainability-sensors/sensors/orchestrator.go:770.36,772.2 1 0
github.com/syntheticscale/maintainability-sensors/sensors/orchestrator.go:774.82,790.16 5 0
github.com/syntheticscale/maintainability-sensors/sensors/orchestrator.go:790.16,791.19 1 0
github.com/syntheticscale/maintainability-sensors/sensors/orchestrator.go:791.19,793.4 1 0
github.com/syntheticscale/maintainability-sensors/sensors/orchestrator.go:794.3,794.49 1 0
github.com/syntheticscale/maintainability-sensors/sensors/orchestrator.go:797.2,797.36 1 0
github.com/syntheticscale/maintainability-sensors/sensors/orchestrator.go:797.36,799.34 2 0
github.com/syntheticscale/maintainability-sensors/sensors/orchestrator.go:799.34,801.44 2 0
github.com/syntheticscale/maintainability-sensors/sensors/orchestrator.go:801.44,803.19 2 0
github.com/syntheticscale/maintainability-sensors/sensors/orchestrator.go:803.19,804.14 1 0
github.com/syntheticscale/maintainability-sensors/sensors/orchestrator.go:807.5,808.106 2 0
github.com/syntheticscale/maintainability-sensors/sensors/orchestrator.go:808.106,809.69 1 0
github.com/syntheticscale/maintainability-sensors/sensors/orchestrator.go:809.69,811.7 1 0
github.com/syntheticscale/maintainability-sensors/sensors/orchestrator.go:812.6,812.18 1 0
github.com/syntheticscale/maintainability-sensors/sensors/orchestrator.go:812.18,814.7 1 0
github.com/syntheticscale/maintainability-sensors/sensors/orchestrator.go:815.6,815.123 1 0
github.com/syntheticscale/maintainability-sensors/sensors/orchestrator.go:817.5,817.109 1 0
github.com/syntheticscale/maintainability-sensors/sensors/orchestrator.go:817.109,818.69 1 0
github.com/syntheticscale/maintainability-sensors/sensors/orchestrator.go:818.69,820.7 1 0
github.com/syntheticscale/maintainability-sensors/sensors/orchestrator.go:821.6,821.18 1 0
github.com/syntheticscale/maintainability-sensors/sensors/orchestrator.go:821.18,823.7 1 0
github.com/syntheticscale/maintainability-sensors/sensors/orchestrator.go:824.6,824.126 1 0
github.com/syntheticscale/maintainability-sensors/sensors/orchestrator.go:828.3,828.63 1 0
github.com/syntheticscale/maintainability-sensors/sensors/orchestrator.go:828.63,830.4 1 0
github.com/syntheticscale/maintainability-sensors/sensors/orchestrator.go:831.3,831.25 1 0
github.com/syntheticscale/maintainability-sensors/sensors/orchestrator.go:834.2,834.113 1 0
github.com/syntheticscale/maintainability-sensors/sensors/orchestrator.go:839.41,841.2 1 0
github.com/syntheticscale/maintainability-sensors/sensors/orchestrator.go:843.87,858.16 6 0
github.com/syntheticscale/maintainability-sensors/sensors/orchestrator.go:858.16,859.19 1 0
github.com/syntheticscale/maintainability-sensors/sensors/orchestrator.go:859.19,861.4 1 0
github.com/syntheticscale/maintainability-sensors/sensors/orchestrator.go:862.3,862.54 1 0
github.com/syntheticscale/maintainability-sensors/sensors/orchestrator.go:865.2,865.36 1 0
github.com/syntheticscale/maintainability-sensors/sensors/orchestrator.go:865.36,867.28 2 0
github.com/syntheticscale/maintainability-sensors/sensors/orchestrator.go:867.28,868.38 1 0
github.com/syntheticscale/maintainability-sensors/sensors/orchestrator.go:868.38,870.39 2 0
github.com/syntheticscale/maintainability-sensors/sensors/orchestrator.go:870.39,872.44 2 0
github.com/syntheticscale/maintainability-sensors/sensors/orchestrator.go:872.44,874.7 1 0
github.com/syntheticscale/maintainability-sensors/sensors/orchestrator.go:875.6,875.18 1 0
github.com/syntheticscale/maintainability-sensors/sensors/orchestrator.go:875.18,876.15 1 0
github.com/syntheticscale/maintainability-sensors/sensors/orchestrator.go:879.6,879.25 1 0
github.com/syntheticscale/maintainability-sensors/sensors/orchestrator.go:880.42,881.107 1 0
github.com/syntheticscale/maintainability-sensors/sensors/orchestrator.go:882.34,883.111 1 0
github.com/syntheticscale/maintainability-sensors/sensors/orchestrator.go:884.36,885.110 1 0
github.com/syntheticscale/maintainability-sensors/sensors/orchestrator.go:888.5,888.39 1 0
github.com/syntheticscale/maintainability-sensors/sensors/orchestrator.go:891.3,891.65 1 0
github.com/syntheticscale/maintainability-sensors/sensors/orchestrator.go:891.65,893.4 1 0
github.com/syntheticscale/maintainability-sensors/sensors/orchestrator.go:894.3,894.25 1 0
github.com/syntheticscale/maintainability-sensors/sensors/orchestrator.go:897.2,897.118 1 0
github.com/syntheticscale/maintainability-sensors/sensors/plugin.go:26.42,30.2 1 1
github.com/syntheticscale/maintainability-sensors/sensors/plugin.go:33.67,37.2 3 1
github.com/syntheticscale/maintainability-sensors/sensors/plugin.go:40.63,44.2 3 0
github.com/syntheticscale/maintainability-sensors/sensors/plugin.go:49.13,68.2 11 1
github.com/syntheticscale/maintainability-sensors/sensors/pylint_parser.go:6.41,6.60 1 1
github.com/syntheticscale/maintainability-sensors/sensors/pylint_parser.go:8.48,10.2 1 1
github.com/syntheticscale/maintainability-sensors/sensors/pylint_parser.go:12.50,19.2 1 1
github.com/syntheticscale/maintainability-sensors/sensors/rubocop_parser.go:6.42,6.62 1 1
github.com/syntheticscale/maintainability-sensors/sensors/rubocop_parser.go:8.49,10.2 1 1
github.com/syntheticscale/maintainability-sensors/sensors/rubocop_parser.go:12.51,19.2 1 1
github.com/syntheticscale/maintainability-sensors/sensors/ruff_parser.go:6.39,6.56 1 1
github.com/syntheticscale/maintainability-sensors/sensors/ruff_parser.go:8.46,10.2 1 0
github.com/syntheticscale/maintainability-sensors/sensors/ruff_parser.go:12.48,18.2 1 0
github.com/syntheticscale/maintainability-sensors/sensors/standardrb_parser.go:6.45,6.68 1 1
github.com/syntheticscale/maintainability-sensors/sensors/standardrb_parser.go:8.52,10.2 1 0
github.com/syntheticscale/maintainability-sensors/sensors/standardrb_parser.go:12.54,19.2 1 0
github.com/syntheticscale/maintainability-sensors/cli/cmd.go:32.30,42.2 2 0
github.com/syntheticscale/maintainability-sensors/cli/cmd.go:50.35,53.2 2 0
github.com/syntheticscale/maintainability-sensors/cli/cmd.go:59.36,62.2 2 0
github.com/syntheticscale/maintainability-sensors/cli/cmd.go:69.36,71.16 2 0
github.com/syntheticscale/maintainability-sensors/cli/cmd.go:71.16,73.3 1 0
github.com/syntheticscale/maintainability-sensors/cli/cmd.go:75.2,76.16 2 0
github.com/syntheticscale/maintainability-sensors/cli/cmd.go:76.16,78.3 1 0
github.com/syntheticscale/maintainability-sensors/cli/cmd.go:80.2,85.45 4 0
github.com/syntheticscale/maintainability-sensors/cli/cmd.go:85.45,88.3 2 0
github.com/syntheticscale/maintainability-sensors/cli/cmd.go:90.2,93.26 3 0
github.com/syntheticscale/maintainability-sensors/cli/cmd.go:93.26,96.17 3 0
github.com/syntheticscale/maintainability-sensors/cli/cmd.go:96.17,97.12 1 0
github.com/syntheticscale/maintainability-sensors/cli/cmd.go:100.3,100.45 1 0
github.com/syntheticscale/maintainability-sensors/cli/cmd.go:100.45,102.18 2 0
github.com/syntheticscale/maintainability-sensors/cli/cmd.go:102.18,106.5 3 0
github.com/syntheticscale/maintainability-sensors/cli/cmd.go:110.2,110.38 1 0
github.com/syntheticscale/maintainability-sensors/cli/cmd.go:110.38,111.26 1 0
github.com/syntheticscale/maintainability-sensors/cli/cmd.go:111.26,112.12 1 0
github.com/syntheticscale/maintainability-sensors/cli/cmd.go:115.3,116.17 2 0
github.com/syntheticscale/maintainability-sensors/cli/cmd.go:116.17,118.12 2 0
github.com/syntheticscale/maintainability-sensors/cli/cmd.go:121.3,121.47 1 0
github.com/syntheticscale/maintainability-sensors/cli/cmd.go:121.47,123.18 2 0
github.com/syntheticscale/maintainability-sensors/cli/cmd.go:123.18,124.13 1 0
github.com/syntheticscale/maintainability-sensors/cli/cmd.go:127.4,128.18 2 0
github.com/syntheticscale/maintainability-sensors/cli/cmd.go:128.18,129.13 1 0
github.com/syntheticscale/maintainability-sensors/cli/cmd.go:132.4,132.33 1 0
github.com/syntheticscale/maintainability-sensors/cli/cmd.go:132.33,134.30 2 0
github.com/syntheticscale/maintainability-sensors/cli/cmd.go:134.30,136.54 2 0
github.com/syntheticscale/maintainability-sensors/cli/cmd.go:136.54,138.12 2 0
github.com/syntheticscale/maintainability-sensors/cli/cmd.go:141.5,141.17 1 0
github.com/syntheticscale/maintainability-sensors/cli/cmd.go:141.17,144.6 2 0
github.com/syntheticscale/maintainability-sensors/cli/cmd.go:149.2,149.24 1 0
github.com/syntheticscale/maintainability-sensors/cli/cmd.go:149.24,151.3 1 0
github.com/syntheticscale/maintainability-sensors/cli/cmd.go:153.2,154.12 2 0
github.com/syntheticscale/maintainability-sensors/cli/cmd.go:158.16,166.2 3 0
github.com/syntheticscale/maintainability-sensors/cli/cmd.go:168.59,172.16 3 0
github.com/syntheticscale/maintainability-sensors/cli/cmd.go:172.16,174.3 1 0
github.com/syntheticscale/maintainability-sensors/cli/cmd.go:176.2,177.16 2 0
github.com/syntheticscale/maintainability-sensors/cli/cmd.go:177.16,179.3 1 0
github.com/syntheticscale/maintainability-sensors/cli/cmd.go:181.2,184.12 3 0
github.com/syntheticscale/maintainability-sensors/cli/cmd.go:184.12,186.61 2 0
github.com/syntheticscale/maintainability-sensors/cli/cmd.go:186.61,188.4 1 0
github.com/syntheticscale/maintainability-sensors/cli/cmd.go:189.3,189.27 1 0
github.com/syntheticscale/maintainability-sensors/cli/cmd.go:192.2,192.86 1 0
github.com/syntheticscale/maintainability-sensors/cli/cmd.go:192.86,193.17 1 0
github.com/syntheticscale/maintainability-sensors/cli/cmd.go:193.17,196.4 2 0
github.com/syntheticscale/maintainability-sensors/cli/cmd.go:197.3,197.16 1 0
github.com/syntheticscale/maintainability-sensors/cli/cmd.go:197.16,199.183 2 0
github.com/syntheticscale/maintainability-sensors/cli/cmd.go:199.183,201.5 1 0
github.com/syntheticscale/maintainability-sensors/cli/cmd.go:202.4,202.14 1 0
github.com/syntheticscale/maintainability-sensors/cli/cmd.go:205.3,206.17 2 0
github.com/syntheticscale/maintainability-sensors/cli/cmd.go:206.17,209.4 2 0
github.com/syntheticscale/maintainability-sensors/cli/cmd.go:210.3,210.32 1 0
github.com/syntheticscale/maintainability-sensors/cli/cmd.go:210.32,213.4 2 0
github.com/syntheticscale/maintainability-sensors/cli/cmd.go:216.3,217.133 2 0
github.com/syntheticscale/maintainability-sensors/cli/cmd.go:217.133,219.4 1 0
github.com/syntheticscale/maintainability-sensors/cli/cmd.go:221.3,222.17 2 0
github.com/syntheticscale/maintainability-sensors/cli/cmd.go:222.17,224.4 1 0
github.com/syntheticscale/maintainability-sensors/cli/cmd.go:225.3,225.48 1 0
github.com/syntheticscale/maintainability-sensors/cli/cmd.go:225.48,227.4 1 0
github.com/syntheticscale/maintainability-sensors/cli/cmd.go:229.3,230.13 2 0
github.com/syntheticscale/maintainability-sensors/cli/cmd.go:233.2,233.16 1 0
github.com/syntheticscale/maintainability-sensors/cli/cmd.go:233.16,235.3 1 0
github.com/syntheticscale/maintainability-sensors/cli/cmd.go:237.2,237.25 1 0
github.com/syntheticscale/maintainability-sensors/cli/cmd.go:240.86,242.30 2 0
github.com/syntheticscale/maintainability-sensors/cli/cmd.go:242.30,245.3 2 0
github.com/syntheticscale/maintainability-sensors/cli/cmd.go:247.2,251.34 4 0
github.com/syntheticscale/maintainability-sensors/cli/cmd.go:251.34,253.21 2 0
github.com/syntheticscale/maintainability-sensors/cli/cmd.go:253.21,254.18 1 0
github.com/syntheticscale/maintainability-sensors/cli/cmd.go:254.18,255.29 1 0
github.com/syntheticscale/maintainability-sensors/cli/cmd.go:255.29,256.16 1 0
github.com/syntheticscale/maintainability-sensors/cli/cmd.go:256.16,258.7 1 0
github.com/syntheticscale/maintainability-sensors/cli/cmd.go:259.6,259.115 1 0
github.com/syntheticscale/maintainability-sensors/cli/cmd.go:261.5,261.15 1 0
github.com/syntheticscale/maintainability-sensors/cli/cmd.go:264.4,265.18 2 0
github.com/syntheticscale/maintainability-sensors/cli/cmd.go:265.18,266.15 1 0
github.com/syntheticscale/maintainability-sensors/cli/cmd.go:266.15,268.6 1 0
github.com/syntheticscale/maintainability-sensors/cli/cmd.go:269.5,270.15 2 0
github.com/syntheticscale/maintainability-sensors/cli/cmd.go:273.4,276.14 4 0
github.com/syntheticscale/maintainability-sensors/cli/cmd.go:280.2,280.33 1 0
github.com/syntheticscale/maintainability-sensors/cli/cmd.go:280.33,282.3 1 0
github.com/syntheticscale/maintainability-sensors/cli/cmd.go:284.2,284.24 1 0
github.com/syntheticscale/maintainability-sensors/cli/cmd.go:303.57,304.26 1 1
github.com/syntheticscale/maintainability-sensors/cli/cmd.go:304.26,306.3 1 0
github.com/syntheticscale/maintainability-sensors/cli/cmd.go:307.2,311.37 4 1
github.com/syntheticscale/maintainability-sensors/cli/cmd.go:311.37,312.46 1 0
github.com/syntheticscale/maintainability-sensors/cli/cmd.go:312.46,314.4 1 0
github.com/syntheticscale/maintainability-sensors/cli/cmd.go:314.9,314.47 1 0
github.com/syntheticscale/maintainability-sensors/cli/cmd.go:314.47,316.4 1 0
github.com/syntheticscale/maintainability-sensors/cli/cmd.go:316.9,316.46 1 0
github.com/syntheticscale/maintainability-sensors/cli/cmd.go:316.46,318.4 1 0
github.com/syntheticscale/maintainability-sensors/cli/cmd.go:321.2,323.40 1 1
github.com/syntheticscale/maintainability-sensors/cli/cmd.go:326.95,328.30 2 0
github.com/syntheticscale/maintainability-sensors/cli/cmd.go:328.30,329.25 1 0
github.com/syntheticscale/maintainability-sensors/cli/cmd.go:329.25,331.9 2 0
github.com/syntheticscale/maintainability-sensors/cli/cmd.go:335.2,335.12 1 0
github.com/syntheticscale/maintainability-sensors/cli/cmd.go:335.12,336.23 1 0
github.com/syntheticscale/maintainability-sensors/cli/cmd.go:336.23,338.4 1 0
github.com/syntheticscale/maintainability-sensors/cli/cmd.go:339.3,339.14 1 0
github.com/syntheticscale/maintainability-sensors/cli/cmd.go:342.2,342.16 1 0
github.com/syntheticscale/maintainability-sensors/cli/cmd.go:342.16,345.3 2 0
github.com/syntheticscale/maintainability-sensors/cli/cmd.go:347.2,349.13 3 0
github.com/syntheticscale/maintainability-sensors/cli/cmd.go:352.61,354.16 2 0
github.com/syntheticscale/maintainability-sensors/cli/cmd.go:354.16,357.3 2 0
github.com/syntheticscale/maintainability-sensors/cli/cmd.go:358.2,358.27 1 0
github.com/syntheticscale/maintainability-sensors/cli/cmd.go:361.62,369.30 7 0
github.com/syntheticscale/maintainability-sensors/cli/cmd.go:369.30,371.27 2 0
github.com/syntheticscale/maintainability-sensors/cli/cmd.go:371.27,374.4 2 0
github.com/syntheticscale/maintainability-sensors/cli/cmd.go:374.9,376.4 1 0
github.com/syntheticscale/maintainability-sensors/cli/cmd.go:379.2,379.20 1 0
github.com/syntheticscale/maintainability-sensors/cli/cmd.go:379.20,382.3 2 0
github.com/syntheticscale/maintainability-sensors/cli/cmd.go:385.64,387.30 2 0
github.com/syntheticscale/maintainability-sensors/cli/cmd.go:387.30,388.30 1 0
github.com/syntheticscale/maintainability-sensors/cli/cmd.go:388.30,390.39 2 0
github.com/syntheticscale/maintainability-sensors/cli/cmd.go:390.39,392.5 1 0
github.com/syntheticscale/maintainability-sensors/cli/cmd.go:393.4,393.126 1 0
github.com/syntheticscale/maintainability-sensors/cli/cmd.go:397.2,397.28 1 0
github.com/syntheticscale/maintainability-sensors/cli/cmd.go:397.28,402.40 5 0
github.com/syntheticscale/maintainability-sensors/cli/cmd.go:402.40,404.4 1 0
github.com/syntheticscale/maintainability-sensors/cli/cmd.go:405.3,406.103 2 0
github.com/syntheticscale/maintainability-sensors/cli/cmd.go:410.34,412.16 2 0
github.com/syntheticscale/maintainability-sensors/cli/cmd.go:412.16,415.3 2 0
github.com/syntheticscale/maintainability-sensors/cli/cmd.go:417.2,417.30 1 0
github.com/syntheticscale/maintainability-sensors/cli/cmd.go:417.30,420.3 2 0
github.com/syntheticscale/maintainability-sensors/cli/cmd.go:422.2,423.16 2 0
github.com/syntheticscale/maintainability-sensors/cli/cmd.go:423.16,426.3 2 0
github.com/syntheticscale/maintainability-sensors/cli/cmd.go:428.2,428.32 1 0
github.com/syntheticscale/maintainability-sensors/cli/cmd.go:428.32,431.3 2 0
github.com/syntheticscale/maintainability-sensors/cli/cmd.go:433.2,435.43 2 0
github.com/syntheticscale/maintainability-sensors/cli/cmd.go:435.43,437.59 2 0
github.com/syntheticscale/maintainability-sensors/cli/cmd.go:437.59,439.4 1 0
github.com/syntheticscale/maintainability-sensors/cli/cmd.go:442.2,443.30 2 0
github.com/syntheticscale/maintainability-sensors/cli/cmd.go:443.30,445.51 2 0
github.com/syntheticscale/maintainability-sensors/cli/cmd.go:445.51,447.4 1 0
github.com/syntheticscale/maintainability-sensors/cli/cmd.go:447.9,449.4 1 0
github.com/syntheticscale/maintainability-sensors/cli/cmd.go:452.2,458.16 2 0
github.com/syntheticscale/maintainability-sensors/cli/cmd.go:458.16,461.3 2 0
github.com/syntheticscale/maintainability-sensors/cli/cmd.go:463.2,463.10 1 0
github.com/syntheticscale/maintainability-sensors/cli/cmd.go:463.10,465.3 1 0
github.com/syntheticscale/maintainability-sensors/cli/cmd.go:468.42,470.16 2 0
github.com/syntheticscale/maintainability-sensors/cli/cmd.go:470.16,473.3 2 0
github.com/syntheticscale/maintainability-sensors/cli/cmd.go:476.83,477.28 1 1
github.com/syntheticscale/maintainability-sensors/cli/cmd.go:477.28,479.81 2 1
github.com/syntheticscale/maintainability-sensors/cli/cmd.go:479.81,481.4 1 1
github.com/syntheticscale/maintainability-sensors/cli/cmd.go:482.3,482.117 1 1
github.com/syntheticscale/maintainability-sensors/cli/cmd.go:484.2,484.24 1 1
github.com/syntheticscale/maintainability-sensors/cli/cmd.go:484.24,486.17 2 1
github.com/syntheticscale/maintainability-sensors/cli/cmd.go:486.17,488.4 1 0
github.com/syntheticscale/maintainability-sensors/cli/cmd.go:489.3,489.64 1 1
github.com/syntheticscale/maintainability-sensors/cli/cmd.go:489.64,491.4 1 0
github.com/syntheticscale/maintainability-sensors/cli/cmd.go:492.3,492.109 1 1
github.com/syntheticscale/maintainability-sensors/cli/cmd.go:494.2,494.24 1 1
github.com/syntheticscale/maintainability-sensors/cli/cmd.go:494.24,496.81 2 1
github.com/syntheticscale/maintainability-sensors/cli/cmd.go:496.81,498.4 1 0
github.com/syntheticscale/maintainability-sensors/cli/cmd.go:499.3,499.109 1 1
github.com/syntheticscale/maintainability-sensors/cli/cmd.go:501.2,501.12 1 1
github.com/syntheticscale/maintainability-sensors/cli/cmd.go:504.73,506.16 2 1
github.com/syntheticscale/maintainability-sensors/cli/cmd.go:506.16,509.3 2 0
github.com/syntheticscale/maintainability-sensors/cli/cmd.go:511.2,512.55 2 1
github.com/syntheticscale/maintainability-sensors/cli/cmd.go:512.55,515.3 2 0
github.com/syntheticscale/maintainability-sensors/cli/cmd.go:517.2,517.30 1 1
github.com/syntheticscale/maintainability-sensors/cli/cmd.go:517.30,518.25 1 1
github.com/syntheticscale/maintainability-sensors/cli/cmd.go:518.25,521.4 2 0
github.com/syntheticscale/maintainability-sensors/cli/cmd.go:522.3,522.25 1 1
github.com/syntheticscale/maintainability-sensors/cli/cmd.go:522.25,525.4 2 0
github.com/syntheticscale/maintainability-sensors/cli/cmd.go:528.2,529.30 2 1
github.com/syntheticscale/maintainability-sensors/cli/cmd.go:529.30,530.25 1 1
github.com/syntheticscale/maintainability-sensors/cli/cmd.go:530.25,532.9 2 0
github.com/syntheticscale/maintainability-sensors/cli/cmd.go:536.2,540.17 1 1
github.com/syntheticscale/maintainability-sensors/cli/cmd.go:540.17,543.3 2 0
github.com/syntheticscale/maintainability-sensors/cli/cmd.go:545.2,545.10 1 1
github.com/syntheticscale/maintainability-sensors/cli/cmd.go:545.10,547.3 1 0
github.com/syntheticscale/maintainability-sensors/cli/cmd.go:550.71,551.16 1 1
github.com/syntheticscale/maintainability-sensors/cli/cmd.go:551.16,553.17 2 1
github.com/syntheticscale/maintainability-sensors/cli/cmd.go:553.17,556.4 2 0
github.com/syntheticscale/maintainability-sensors/cli/cmd.go:557.3,558.9 2 1
github.com/syntheticscale/maintainability-sensors/cli/cmd.go:561.2,567.26 6 1
github.com/syntheticscale/maintainability-sensors/cli/cmd.go:567.26,571.3 3 1
github.com/syntheticscale/maintainability-sensors/cli/cmd.go:573.2,583.29 7 1
github.com/syntheticscale/maintainability-sensors/cli/cmd.go:583.29,588.38 5 1
github.com/syntheticscale/maintainability-sensors/cli/cmd.go:588.38,590.4 1 1
github.com/syntheticscale/maintainability-sensors/cli/cmd.go:591.3,592.103 2 1
github.com/syntheticscale/maintainability-sensors/cli/cmd.go:596.66,604.37 6 1
github.com/syntheticscale/maintainability-sensors/cli/cmd.go:604.37,605.46 1 1
github.com/syntheticscale/maintainability-sensors/cli/cmd.go:605.46,607.4 1 1
github.com/syntheticscale/maintainability-sensors/cli/cmd.go:607.9,607.47 1 0
github.com/syntheticscale/maintainability-sensors/cli/cmd.go:607.47,609.4 1 0
github.com/syntheticscale/maintainability-sensors/cli/cmd.go:609.9,609.46 1 0
github.com/syntheticscale/maintainability-sensors/cli/cmd.go:609.46,611.4 1 0
github.com/syntheticscale/maintainability-sensors/cli/cmd.go:614.2,614.46 1 1
github.com/syntheticscale/maintainability-sensors/cli/cmd.go:614.46,617.3 2 1
github.com/syntheticscale/maintainability-sensors/cli/cmd.go:618.2,618.46 1 1
github.com/syntheticscale/maintainability-sensors/cli/cmd.go:618.46,621.3 2 1
github.com/syntheticscale/maintainability-sensors/cli/cmd.go:622.2,622.43 1 1
github.com/syntheticscale/maintainability-sensors/cli/cmd.go:622.43,625.3 2 1
github.com/syntheticscale/maintainability-sensors/cli/cmd.go:627.2,627.18 1 1
github.com/syntheticscale/maintainability-sensors/cli/cmd.go:627.18,632.30 5 1
github.com/syntheticscale/maintainability-sensors/cli/cmd.go:632.30,634.4 1 1
github.com/syntheticscale/maintainability-sensors/cli/cmd.go:635.3,635.172 1 1
github.com/syntheticscale/maintainability-sensors/cli/github.go:20.77,28.30 6 1
github.com/syntheticscale/maintainability-sensors/cli/github.go:28.30,31.27 3 1
github.com/syntheticscale/maintainability-sensors/cli/github.go:31.27,34.4 2 1
github.com/syntheticscale/maintainability-sensors/cli/github.go:34.9,37.4 1 1
github.com/syntheticscale/maintainability-sensors/cli/github.go:40.2,48.30 6 1
github.com/syntheticscale/maintainability-sensors/cli/github.go:48.30,49.27 1 1
github.com/syntheticscale/maintainability-sensors/cli/github.go:49.27,50.12 1 1
github.com/syntheticscale/maintainability-sensors/cli/github.go:52.3,53.58 2 1
github.com/syntheticscale/maintainability-sensors/cli/github.go:53.58,55.4 1 1
github.com/syntheticscale/maintainability-sensors/cli/github.go:56.3,56.66 1 1
github.com/syntheticscale/maintainability-sensors/cli/github.go:56.66,58.4 1 1
github.com/syntheticscale/maintainability-sensors/cli/github.go:59.3,59.64 1 1
github.com/syntheticscale/maintainability-sensors/cli/github.go:59.64,61.4 1 1
github.com/syntheticscale/maintainability-sensors/cli/github.go:63.3,63.27 1 1
github.com/syntheticscale/maintainability-sensors/cli/github.go:63.27,66.34 3 1
github.com/syntheticscale/maintainability-sensors/cli/github.go:66.34,68.5 1 1
github.com/syntheticscale/maintainability-sensors/cli/github.go:69.4,69.31 1 1
github.com/syntheticscale/maintainability-sensors/cli/github.go:73.2,73.19 1 1
github.com/syntheticscale/maintainability-sensors/cli/github.go:73.19,76.3 2 1
github.com/syntheticscale/maintainability-sensors/cli/github.go:79.2,84.30 5 1
github.com/syntheticscale/maintainability-sensors/cli/github.go:84.30,85.30 1 1
github.com/syntheticscale/maintainability-sensors/cli/github.go:85.30,88.39 3 1
github.com/syntheticscale/maintainability-sensors/cli/github.go:88.39,90.5 1 1
github.com/syntheticscale/maintainability-sensors/cli/github.go:91.4,91.27 1 1
github.com/syntheticscale/maintainability-sensors/cli/github.go:95.2,95.19 1 1
github.com/syntheticscale/maintainability-sensors/cli/github.go:95.19,98.3 2 1
github.com/syntheticscale/maintainability-sensors/cli/github.go:100.2,100.20 1 1
github.com/syntheticscale/maintainability-sensors/cli/github.go:104.53,106.23 2 1
github.com/syntheticscale/maintainability-sensors/cli/github.go:106.23,108.3 1 1
github.com/syntheticscale/maintainability-sensors/cli/github.go:109.2,110.16 2 1
github.com/syntheticscale/maintainability-sensors/cli/github.go:110.16,112.3 1 0
github.com/syntheticscale/maintainability-sensors/cli/github.go:113.2,115.52 2 1
github.com/syntheticscale/maintainability-sensors/cli/github.go:115.52,117.3 1 0
github.com/syntheticscale/maintainability-sensors/cli/github.go:118.2,118.12 1 1
github.com/syntheticscale/maintainability-sensors/cli/github.go:122.67,124.17 2 1
github.com/syntheticscale/maintainability-sensors/cli/github.go:124.17,126.3 1 1
github.com/syntheticscale/maintainability-sensors/cli/github.go:128.2,129.16 2 1
github.com/syntheticscale/maintainability-sensors/cli/github.go:129.16,131.3 1 1
github.com/syntheticscale/maintainability-sensors/cli/github.go:133.2,134.16 2 1
github.com/syntheticscale/maintainability-sensors/cli/github.go:134.16,136.3 1 1
github.com/syntheticscale/maintainability-sensors/cli/github.go:138.2,145.30 3 0
github.com/syntheticscale/maintainability-sensors/cli/github.go:145.30,146.26 1 0
github.com/syntheticscale/maintainability-sensors/cli/github.go:146.26,147.12 1 0
github.com/syntheticscale/maintainability-sensors/cli/github.go:150.3,154.38 4 0
github.com/syntheticscale/maintainability-sensors/cli/github.go:154.38,155.47 1 0
github.com/syntheticscale/maintainability-sensors/cli/github.go:155.47,157.5 1 0
github.com/syntheticscale/maintainability-sensors/cli/github.go:157.10,157.48 1 0
github.com/syntheticscale/maintainability-sensors/cli/github.go:157.48,159.5 1 0
github.com/syntheticscale/maintainability-sensors/cli/github.go:159.10,159.47 1 0
github.com/syntheticscale/maintainability-sensors/cli/github.go:159.47,161.5 1 0
github.com/syntheticscale/maintainability-sensors/cli/github.go:164.3,165.47 2 0
github.com/syntheticscale/maintainability-sensors/cli/github.go:165.47,167.4 1 0
github.com/syntheticscale/maintainability-sensors/cli/github.go:168.3,168.47 1 0
github.com/syntheticscale/maintainability-sensors/cli/github.go:168.47,170.4 1 0
github.com/syntheticscale/maintainability-sensors/cli/github.go:171.3,171.44 1 0
github.com/syntheticscale/maintainability-sensors/cli/github.go:171.44,173.4 1 0
github.com/syntheticscale/maintainability-sensors/cli/github.go:175.3,175.27 1 0
github.com/syntheticscale/maintainability-sensors/cli/github.go:175.27,178.31 3 0
github.com/syntheticscale/maintainability-sensors/cli/github.go:178.31,180.58 2 0
github.com/syntheticscale/maintainability-sensors/cli/github.go:180.58,182.6 1 0
github.com/syntheticscale/maintainability-sensors/cli/github.go:184.4,188.6 1 0
github.com/syntheticscale/maintainability-sensors/cli/github.go:192.2,192.24 1 0
github.com/syntheticscale/maintainability-sensors/cli/github.go:192.24,194.3 1 0
github.com/syntheticscale/maintainability-sensors/cli/github.go:196.2,197.19 2 0
github.com/syntheticscale/maintainability-sensors/cli/github.go:197.19,199.3 1 0
github.com/syntheticscale/maintainability-sensors/cli/github.go:200.2,207.16 4 0
github.com/syntheticscale/maintainability-sensors/cli/github.go:207.16,209.3 1 0
github.com/syntheticscale/maintainability-sensors/cli/github.go:211.2,212.16 2 0
github.com/syntheticscale/maintainability-sensors/cli/github.go:212.16,214.3 1 0
github.com/syntheticscale/maintainability-sensors/cli/github.go:216.2,226.16 8 0
github.com/syntheticscale/maintainability-sensors/cli/github.go:226.16,228.3 1 0
github.com/syntheticscale/maintainability-sensors/cli/github.go:229.2,231.53 2 0
github.com/syntheticscale/maintainability-sensors/cli/github.go:231.53,233.3 1 0
github.com/syntheticscale/maintainability-sensors/cli/github.go:235.2,235.12 1 0
github.com/syntheticscale/maintainability-sensors/cli/github.go:238.36,241.21 2 1
github.com/syntheticscale/maintainability-sensors/cli/github.go:241.21,243.17 2 1
github.com/syntheticscale/maintainability-sensors/cli/github.go:243.17,249.87 2 1
github.com/syntheticscale/maintainability-sensors/cli/github.go:249.87,251.5 1 1
github.com/syntheticscale/maintainability-sensors/cli/github.go:256.2,257.15 2 1
github.com/syntheticscale/maintainability-sensors/cli/github.go:257.15,260.23 3 1
github.com/syntheticscale/maintainability-sensors/cli/github.go:260.23,262.4 1 1
github.com/syntheticscale/maintainability-sensors/cli/github.go:265.2,265.73 1 1
github.com/syntheticscale/maintainability-sensors/cli/html.go:60.73,65.30 2 1
github.com/syntheticscale/maintainability-sensors/cli/html.go:65.30,69.26 3 1
github.com/syntheticscale/maintainability-sensors/cli/html.go:69.26,75.59 4 1
github.com/syntheticscale/maintainability-sensors/cli/html.go:75.59,78.5 2 1
github.com/syntheticscale/maintainability-sensors/cli/html.go:79.4,79.67 1 1
github.com/syntheticscale/maintainability-sensors/cli/html.go:79.67,80.30 1 1
github.com/syntheticscale/maintainability-sensors/cli/html.go:80.30,82.6 1 0
github.com/syntheticscale/maintainability-sensors/cli/html.go:83.5,83.225 1 1
github.com/syntheticscale/maintainability-sensors/cli/html.go:85.4,85.65 1 1
github.com/syntheticscale/maintainability-sensors/cli/html.go:85.65,86.30 1 1
github.com/syntheticscale/maintainability-sensors/cli/html.go:86.30,88.6 1 0
github.com/syntheticscale/maintainability-sensors/cli/html.go:89.5,89.223 1 1
github.com/syntheticscale/maintainability-sensors/cli/html.go:93.4,94.59 2 1
github.com/syntheticscale/maintainability-sensors/cli/html.go:94.59,96.5 1 1
github.com/syntheticscale/maintainability-sensors/cli/html.go:97.4,98.67 2 1
github.com/syntheticscale/maintainability-sensors/cli/html.go:98.67,100.5 1 1
github.com/syntheticscale/maintainability-sensors/cli/html.go:101.4,102.65 2 1
github.com/syntheticscale/maintainability-sensors/cli/html.go:102.65,104.5 1 1
github.com/syntheticscale/maintainability-sensors/cli/html.go:106.4,119.28 2 1
github.com/syntheticscale/maintainability-sensors/cli/html.go:119.28,125.5 1 1
github.com/syntheticscale/maintainability-sensors/cli/html.go:127.4,127.31 1 1
github.com/syntheticscale/maintainability-sensors/cli/html.go:127.31,132.5 1 1
github.com/syntheticscale/maintainability-sensors/cli/html.go:134.9,142.4 2 1
github.com/syntheticscale/maintainability-sensors/cli/html.go:145.2,149.59 4 1
github.com/syntheticscale/maintainability-sensors/cli/html.go:149.59,151.3 1 0
github.com/syntheticscale/maintainability-sensors/cli/html.go:153.2,153.21 1 1
